<testsuite>
    <testcase classname="test" name="dList creation works">
        <points type="Point">2.5
        </points>
    </testcase>
    <testcase classname="test" name="dList insertation works">
    </testcase>
    <testcase classname="test" name="dList deletion works">
    </testcase>
    <testcase classname="test" name="orderdList works">
    </testcase>
    <testcase classname="test" name="printing works">
        <failure type="Error">ERROR : ASSERT failed in file fizzbuzz_test.c at line 82
        </failure>
        <note type="Note">LOLOLOLOLL  foobar
        </note>
    </testcase>
    <testcase classname="test" name="merge works too">
    </testcase>
</testsuite>
